<?xml version="1.0" encoding="UTF-8"?>
<!-- Generated by org.testng.reporters.JUnitReportReporter -->
<testsuite skipped="0" hostname="Rev-PF1JT47A" name="com.suminski.tests.dalt.GreetingDAOTests" tests="2" failures="0" timestamp="2022-01-05T12:09:28 EST" time="0.701" errors="0">
  <testcase name="getRealGreeting" time="0.055" classname="com.suminski.tests.dalt.GreetingDAOTests"/>
  <system-out/>
  <testcase name="getNoGreetingMatchingInputFoundMessage" time="0.646" classname="com.suminski.tests.dalt.GreetingDAOTests"/>
  <system-out/>
</testsuite> <!-- com.suminski.tests.dalt.GreetingDAOTests -->
