<?xml version="1.0" encoding="UTF-8"?>
<!-- Generated by org.testng.reporters.JUnitReportReporter -->
<testsuite skipped="0" hostname="Rev-PF1JT47A" name="com.suminski.tests.slt.GreetingServiceTests" tests="1" failures="0" timestamp="2022-01-05T12:09:28 EST" time="0.041" errors="0">
  <testcase name="getExceptionMessage" time="0.041" classname="com.suminski.tests.slt.GreetingServiceTests"/>
  <system-out/>
</testsuite> <!-- com.suminski.tests.slt.GreetingServiceTests -->
